<?xml version="1.0" encoding="UTF-8"?>
<!-- Generated by org.testng.reporters.JUnitXMLReporter -->
<testsuite ignored="0" hostname="DESKTOP-CHVHII7" failures="4" tests="40" name="PrimesTests" time="20.053" errors="0" timestamp="2021-02-17T21:41:29 GMT">
  <testcase classname="primes.PrimesTests" name="testStatusCodeEquals200" time="2.721"/>
  <testcase classname="primes.PrimesTests" name="testStatusCodeEquals200" time="0.376"/>
  <testcase classname="primes.PrimesTests" name="testStatusCodeEquals200" time="0.304"/>
  <testcase classname="primes.PrimesTests" name="testStatusCodeEquals200" time="0.403"/>
  <testcase classname="primes.PrimesTests" name="testStatusCodeEquals200" time="0.44"/>
  <testcase classname="primes.PrimesTests" name="testStatusCodeEquals200" time="0.467"/>
  <testcase classname="primes.PrimesTests" name="testStatusCodeEquals200" time="0.336"/>
  <testcase classname="primes.PrimesTests" name="testStatusCodeEquals200" time="0.352"/>
  <testcase classname="primes.PrimesTests" name="testStatusCodeEquals200" time="0.554"/>
  <testcase classname="primes.PrimesTests" name="testStatusCodeEquals200" time="0.632"/>
  <testcase classname="primes.PrimesTests" name="testStatusCodeEquals200" time="0.312"/>
  <testcase classname="primes.PrimesTests" name="testStatusCodeEquals200" time="0.48"/>
  <testcase classname="primes.PrimesTests" name="testStatusCodeEquals200" time="0.984"/>
  <testcase classname="primes.PrimesTests" name="testStatusCodeEquals200" time="0.44"/>
  <testcase classname="primes.PrimesTests" name="testStatusCodeEquals200" time="0.328"/>
  <testcase classname="primes.PrimesTests" name="testStatusCodeEquals200" time="0.843"/>
  <testcase classname="primes.PrimesTests" name="testStatusCodeEquals200" time="0.264"/>
  <testcase classname="primes.PrimesTests" name="testStatusCodeEquals200" time="0.416"/>
  <testcase classname="primes.PrimesTests" name="testStatusCodeEquals200" time="0.552"/>
  <testcase classname="primes.PrimesTests" name="testStatusCodeEquals200" time="0.52"/>
  <testcase classname="primes.PrimesTests" name="testStatusCodeEquals400" time="0.264"/>
  <testcase classname="primes.PrimesTests" name="testStatusCodeEquals400" time="0.304"/>
  <testcase classname="primes.PrimesTests" name="testStatusCodeEquals400" time="0.31">
    <failure type="java.lang.AssertionError" message="Testcase 3 has incorrect Status Code: expected [400] but found [200]">
      <![CDATA[java.lang.AssertionError: Testcase 3 has incorrect Status Code: expected [400] but found [200]
at primes.PrimesTests.testStatusCodeEquals400(PrimesTests.java:43)
at java.base/java.util.ArrayList.forEach(ArrayList.java:1510)
at com.intellij.rt.testng.IDEARemoteTestNG.run(IDEARemoteTestNG.java:66)
at com.intellij.rt.testng.RemoteTestNGStarter.main(RemoteTestNGStarter.java:109)
... Removed 29 stack frames]]>
    </failure>
  </testcase> <!-- testStatusCodeEquals400 -->
  <testcase classname="primes.PrimesTests" name="testStatusCodeEquals400" time="0.296"/>
  <testcase classname="primes.PrimesTests" name="testStatusCodeEquals400" time="0.299"/>
  <testcase classname="primes.PrimesTests" name="testStatusCodeEquals400" time="0.312"/>
  <testcase classname="primes.PrimesTests" name="testStatusCodeEquals400" time="0.304"/>
  <testcase classname="primes.PrimesTests" name="testStatusCodeEquals400" time="0.408"/>
  <testcase classname="primes.PrimesTests" name="testStatusCodeEquals400" time="0.304"/>
  <testcase classname="primes.PrimesTests" name="testStatusCodeEquals400" time="0.328">
    <failure type="java.lang.AssertionError" message="Testcase 10 has incorrect Status Code: expected [400] but found [200]">
      <![CDATA[java.lang.AssertionError: Testcase 10 has incorrect Status Code: expected [400] but found [200]
at primes.PrimesTests.testStatusCodeEquals400(PrimesTests.java:43)
at java.base/java.util.ArrayList.forEach(ArrayList.java:1510)
at com.intellij.rt.testng.IDEARemoteTestNG.run(IDEARemoteTestNG.java:66)
at com.intellij.rt.testng.RemoteTestNGStarter.main(RemoteTestNGStarter.java:109)
... Removed 29 stack frames]]>
    </failure>
  </testcase> <!-- testStatusCodeEquals400 -->
  <testcase classname="primes.PrimesTests" name="testStatusCodeEquals400" time="0.393">
    <failure type="java.lang.AssertionError" message="Testcase 11 has incorrect Status Code: expected [400] but found [200]">
      <![CDATA[java.lang.AssertionError: Testcase 11 has incorrect Status Code: expected [400] but found [200]
at primes.PrimesTests.testStatusCodeEquals400(PrimesTests.java:43)
at java.base/java.util.ArrayList.forEach(ArrayList.java:1510)
at com.intellij.rt.testng.IDEARemoteTestNG.run(IDEARemoteTestNG.java:66)
at com.intellij.rt.testng.RemoteTestNGStarter.main(RemoteTestNGStarter.java:109)
... Removed 29 stack frames]]>
    </failure>
  </testcase> <!-- testStatusCodeEquals400 -->
  <testcase classname="primes.PrimesTests" name="testStatusCodeEquals400" time="0.304"/>
  <testcase classname="primes.PrimesTests" name="testStatusCodeEquals400" time="0.4"/>
  <testcase classname="primes.PrimesTests" name="testStatusCodeEquals400" time="0.312"/>
  <testcase classname="primes.PrimesTests" name="testStatusCodeEquals400" time="0.352"/>
  <testcase classname="primes.PrimesTests" name="testStatusCodeEquals400" time="0.376"/>
  <testcase classname="primes.PrimesTests" name="testStatusCodeEquals400" time="0.406"/>
  <testcase classname="primes.PrimesTests" name="testStatusCodeEquals400" time="0.312">
    <failure type="java.lang.AssertionError" message="Testcase 18 has incorrect Status Code: expected [400] but found [200]">
      <![CDATA[java.lang.AssertionError: Testcase 18 has incorrect Status Code: expected [400] but found [200]
at primes.PrimesTests.testStatusCodeEquals400(PrimesTests.java:43)
at java.base/java.util.ArrayList.forEach(ArrayList.java:1510)
at com.intellij.rt.testng.IDEARemoteTestNG.run(IDEARemoteTestNG.java:66)
at com.intellij.rt.testng.RemoteTestNGStarter.main(RemoteTestNGStarter.java:109)
... Removed 28 stack frames]]>
    </failure>
  </testcase> <!-- testStatusCodeEquals400 -->
  <testcase classname="primes.PrimesTests" name="testStatusCodeEquals400" time="0.296"/>
  <testcase classname="primes.PrimesTests" name="testStatusCodeEquals400" time="0.304"/>
</testsuite> <!-- PrimesTests -->
